<?xml version="1.0" encoding="UTF-8"?>
<testsuite name="MirrorTest" tests="1" skipped="0" failures="0" errors="0" timestamp="2025-01-26T16:28:25" hostname="localhost" time="0.049">
  <properties/>
  <testcase name="start" classname="MirrorTest" time="0.049"/>
  <system-out><![CDATA[?[1;31m
Start test 1?[0m
                    _______ 
                   < hello >
                    ------- 
            ^__^   /        
    _______/(oo)  /         
/\/(       /(__)            
   | w----||                
   ||     ||                
]]></system-out>
  <system-err><![CDATA[]]></system-err>
</testsuite>
