<?xml version="1.0" encoding="UTF-8"?>
<testsuite name="BullsCowsTest" tests="1" skipped="0" failures="0" errors="0" timestamp="2025-01-29T16:09:26" hostname="localhost" time="0.478">
  <properties/>
  <testcase name="start" classname="BullsCowsTest" time="0.478"/>
  <system-out><![CDATA[?[1;31m
Start test 1?[0m
Input the length of the secret code:
> > 1
Input the number of possible symbols in the code:
> > 10
The secret is prepared: * (0-9).
Okay, let's start a game!
Turn 1:
> > 0
Grade: None
Turn 2:
> > 1
Grade: None
Turn 3:
> > 2
Grade: None
Turn 4:
> > 3
Grade: None
Turn 5:
> > 4
Grade: None
Turn 6:
> > 5
Grade: None
Turn 7:
> > 6
Grade: 1 bull
Congratulations! You guessed the secret code.
?[1;31m
Start test 2?[0m
Input the length of the secret code:
> > 4
Input the number of possible symbols in the code:
> > 10
The secret is prepared: **** (0-9).
Okay, let's start a game!
Turn 1:
> > 0000
Grade: 1 bull and 3 cows
Turn 2:
> > 1111
Grade: None
Turn 3:
> > 2222
Grade: None
Turn 4:
> > 3333
Grade: None
Turn 5:
> > 4444
Grade: 1 bull and 3 cows
Turn 6:
> > 5555
Grade: None
Turn 7:
> > 6666
Grade: 1 bull and 3 cows
Turn 8:
> > 7777
Grade: None
Turn 9:
> > 8888
Grade: None
Turn 10:
> > 9999
Grade: 1 bull and 3 cows
Turn 11:
> > 0469
Grade: 1 bull and 3 cows
Turn 12:
> > 4069
Grade: 4 cows
Turn 13:
> > 6049
Grade: 4 cows
Turn 14:
> > 0649
Grade: 2 bulls and 2 cows
Turn 15:
> > 4609
Grade: 1 bull and 3 cows
Turn 16:
> > 6409
Grade: 4 cows
Turn 17:
> > 9406
Grade: 4 cows
Turn 18:
> > 4906
Grade: 4 cows
Turn 19:
> > 0946
Grade: 1 bull and 3 cows
Turn 20:
> > 9046
Grade: 4 cows
Turn 21:
> > 4096
Grade: 1 bull and 3 cows
Turn 22:
> > 0496
Grade: 2 bulls and 2 cows
Turn 23:
> > 0694
Grade: 4 bulls
Congratulations! You guessed the secret code.
?[1;31m
Start test 3?[0m
Input the length of the secret code:
> > 6
Input the number of possible symbols in the code:
> > 10
The secret is prepared: ****** (0-9).
Okay, let's start a game!
Turn 1:
> > 000000
Grade: 1 bull and 5 cows
Turn 2:
> > 111111
Grade: None
Turn 3:
> > 222222
Grade: 1 bull and 5 cows
Turn 4:
> > 333333
Grade: 1 bull and 5 cows
Turn 5:
> > 444444
Grade: 1 bull and 5 cows
Turn 6:
> > 555555
Grade: 1 bull and 5 cows
Turn 7:
> > 666666
Grade: None
Turn 8:
> > 777777
Grade: None
Turn 9:
> > 888888
Grade: None
Turn 10:
> > 999999
Grade: 1 bull and 5 cows
Turn 11:
> > 023459
Grade: 6 cows
Turn 12:
> > 203459
Grade: 6 cows
Turn 13:
> > 302459
Grade: 6 cows
Turn 14:
> > 032459
Grade: 6 cows
Turn 15:
> > 230459
Grade: 1 bull and 5 cows
Turn 16:
> > 320459
Grade: 1 bull and 5 cows
Turn 17:
> > 420359
Grade: 2 bulls and 4 cows
Turn 18:
> > 240359
Grade: 3 bulls and 3 cows
Turn 19:
> > 042359
Grade: 2 bulls and 4 cows
Turn 20:
> > 402359
Grade: 1 bull and 5 cows
Turn 21:
> > 204359
Grade: 1 bull and 5 cows
Turn 22:
> > 024359
Grade: 1 bull and 5 cows
Turn 23:
> > 034259
Grade: 6 cows
Turn 24:
> > 304259
Grade: 6 cows
Turn 25:
> > 403259
Grade: 6 cows
Turn 26:
> > 043259
Grade: 1 bull and 5 cows
Turn 27:
> > 340259
Grade: 2 bulls and 4 cows
Turn 28:
> > 430259
Grade: 1 bull and 5 cows
Turn 29:
> > 432059
Grade: 6 cows
Turn 30:
> > 342059
Grade: 1 bull and 5 cows
Turn 31:
> > 243059
Grade: 1 bull and 5 cows
Turn 32:
> > 423059
Grade: 6 cows
Turn 33:
> > 324059
Grade: 6 cows
Turn 34:
> > 234059
Grade: 6 cows
Turn 35:
> > 534029
Grade: 1 bull and 5 cows
Turn 36:
> > 354029
Grade: 6 cows
Turn 37:
> > 453029
Grade: 6 cows
Turn 38:
> > 543029
Grade: 2 bulls and 4 cows
Turn 39:
> > 345029
Grade: 1 bull and 5 cows
Turn 40:
> > 435029
Grade: 6 cows
Turn 41:
> > 035429
Grade: 6 cows
Turn 42:
> > 305429
Grade: 6 cows
Turn 43:
> > 503429
Grade: 1 bull and 5 cows
Turn 44:
> > 053429
Grade: 6 cows
Turn 45:
> > 350429
Grade: 1 bull and 5 cows
Turn 46:
> > 530429
Grade: 2 bulls and 4 cows
Turn 47:
> > 540329
Grade: 4 bulls and 2 cows
Turn 48:
> > 450329
Grade: 2 bulls and 4 cows
Turn 49:
> > 054329
Grade: 1 bull and 5 cows
Turn 50:
> > 504329
Grade: 2 bulls and 4 cows
Turn 51:
> > 405329
Grade: 1 bull and 5 cows
Turn 52:
> > 045329
Grade: 2 bulls and 4 cows
Turn 53:
> > 043529
Grade: 1 bull and 5 cows
Turn 54:
> > 403529
Grade: 6 cows
Turn 55:
> > 304529
Grade: 6 cows
Turn 56:
> > 034529
Grade: 6 cows
Turn 57:
> > 430529
Grade: 1 bull and 5 cows
Turn 58:
> > 340529
Grade: 2 bulls and 4 cows
Turn 59:
> > 240539
Grade: 2 bulls and 4 cows
Turn 60:
> > 420539
Grade: 1 bull and 5 cows
Turn 61:
> > 024539
Grade: 6 cows
Turn 62:
> > 204539
Grade: 6 cows
Turn 63:
> > 402539
Grade: 6 cows
Turn 64:
> > 042539
Grade: 1 bull and 5 cows
Turn 65:
> > 542039
Grade: 2 bulls and 4 cows
Turn 66:
> > 452039
Grade: 6 cows
Turn 67:
> > 254039
Grade: 6 cows
Turn 68:
> > 524039
Grade: 1 bull and 5 cows
Turn 69:
> > 425039
Grade: 6 cows
Turn 70:
> > 245039
Grade: 1 bull and 5 cows
Turn 71:
> > 205439
Grade: 6 cows
Turn 72:
> > 025439
Grade: 6 cows
Turn 73:
> > 520439
Grade: 2 bulls and 4 cows
Turn 74:
> > 250439
Grade: 1 bull and 5 cows
Turn 75:
> > 052439
Grade: 6 cows
Turn 76:
> > 502439
Grade: 1 bull and 5 cows
Turn 77:
> > 504239
Grade: 1 bull and 5 cows
Turn 78:
> > 054239
Grade: 6 cows
Turn 79:
> > 450239
Grade: 1 bull and 5 cows
Turn 80:
> > 540239
Grade: 3 bulls and 3 cows
Turn 81:
> > 045239
Grade: 1 bull and 5 cows
Turn 82:
> > 405239
Grade: 6 cows
Turn 83:
> > 305249
Grade: 6 cows
Turn 84:
> > 035249
Grade: 6 cows
Turn 85:
> > 530249
Grade: 2 bulls and 4 cows
Turn 86:
> > 350249
Grade: 1 bull and 5 cows
Turn 87:
> > 053249
Grade: 6 cows
Turn 88:
> > 503249
Grade: 1 bull and 5 cows
Turn 89:
> > 203549
Grade: 6 cows
Turn 90:
> > 023549
Grade: 6 cows
Turn 91:
> > 320549
Grade: 1 bull and 5 cows
Turn 92:
> > 230549
Grade: 1 bull and 5 cows
Turn 93:
> > 032549
Grade: 6 cows
Turn 94:
> > 302549
Grade: 6 cows
Turn 95:
> > 352049
Grade: 6 cows
Turn 96:
> > 532049
Grade: 1 bull and 5 cows
Turn 97:
> > 235049
Grade: 6 cows
Turn 98:
> > 325049
Grade: 6 cows
Turn 99:
> > 523049
Grade: 1 bull and 5 cows
Turn 100:
> > 253049
Grade: 6 cows
Turn 101:
> > 250349
Grade: 2 bulls and 4 cows
Turn 102:
> > 520349
Grade: 3 bulls and 3 cows
Turn 103:
> > 025349
Grade: 1 bull and 5 cows
Turn 104:
> > 205349
Grade: 1 bull and 5 cows
Turn 105:
> > 502349
Grade: 2 bulls and 4 cows
Turn 106:
> > 052349
Grade: 1 bull and 5 cows
Turn 107:
> > 452309
Grade: 1 bull and 5 cows
Turn 108:
> > 542309
Grade: 3 bulls and 3 cows
Turn 109:
> > 245309
Grade: 2 bulls and 4 cows
Turn 110:
> > 425309
Grade: 1 bull and 5 cows
Turn 111:
> > 524309
Grade: 2 bulls and 4 cows
Turn 112:
> > 254309
Grade: 1 bull and 5 cows
Turn 113:
> > 354209
Grade: 6 cows
Turn 114:
> > 534209
Grade: 1 bull and 5 cows
Turn 115:
> > 435209
Grade: 6 cows
Turn 116:
> > 345209
Grade: 1 bull and 5 cows
Turn 117:
> > 543209
Grade: 2 bulls and 4 cows
Turn 118:
> > 453209
Grade: 6 cows
Turn 119:
> > 423509
Grade: 6 cows
Turn 120:
> > 243509
Grade: 1 bull and 5 cows
Turn 121:
> > 342509
Grade: 1 bull and 5 cows
Turn 122:
> > 432509
Grade: 6 cows
Turn 123:
> > 234509
Grade: 6 cows
Turn 124:
> > 324509
Grade: 6 cows
Turn 125:
> > 325409
Grade: 6 cows
Turn 126:
> > 235409
Grade: 6 cows
Turn 127:
> > 532409
Grade: 1 bull and 5 cows
Turn 128:
> > 352409
Grade: 6 cows
Turn 129:
> > 253409
Grade: 6 cows
Turn 130:
> > 523409
Grade: 1 bull and 5 cows
Turn 131:
> > 923405
Grade: 6 cows
Turn 132:
> > 293405
Grade: 6 cows
Turn 133:
> > 392405
Grade: 6 cows
Turn 134:
> > 932405
Grade: 6 cows
Turn 135:
> > 239405
Grade: 6 cows
Turn 136:
> > 329405
Grade: 6 cows
Turn 137:
> > 429305
Grade: 1 bull and 5 cows
Turn 138:
> > 249305
Grade: 2 bulls and 4 cows
Turn 139:
> > 942305
Grade: 2 bulls and 4 cows
Turn 140:
> > 492305
Grade: 1 bull and 5 cows
Turn 141:
> > 294305
Grade: 1 bull and 5 cows
Turn 142:
> > 924305
Grade: 1 bull and 5 cows
Turn 143:
> > 934205
Grade: 6 cows
Turn 144:
> > 394205
Grade: 6 cows
Turn 145:
> > 493205
Grade: 6 cows
Turn 146:
> > 943205
Grade: 1 bull and 5 cows
Turn 147:
> > 349205
Grade: 1 bull and 5 cows
Turn 148:
> > 439205
Grade: 6 cows
Turn 149:
> > 432905
Grade: 6 cows
Turn 150:
> > 342905
Grade: 1 bull and 5 cows
Turn 151:
> > 243905
Grade: 1 bull and 5 cows
Turn 152:
> > 423905
Grade: 6 cows
Turn 153:
> > 324905
Grade: 6 cows
Turn 154:
> > 234905
Grade: 6 cows
Turn 155:
> > 034925
Grade: 6 cows
Turn 156:
> > 304925
Grade: 6 cows
Turn 157:
> > 403925
Grade: 6 cows
Turn 158:
> > 043925
Grade: 1 bull and 5 cows
Turn 159:
> > 340925
Grade: 2 bulls and 4 cows
Turn 160:
> > 430925
Grade: 1 bull and 5 cows
Turn 161:
> > 930425
Grade: 1 bull and 5 cows
Turn 162:
> > 390425
Grade: 1 bull and 5 cows
Turn 163:
> > 093425
Grade: 6 cows
Turn 164:
> > 903425
Grade: 6 cows
Turn 165:
> > 309425
Grade: 6 cows
Turn 166:
> > 039425
Grade: 6 cows
Turn 167:
> > 049325
Grade: 2 bulls and 4 cows
Turn 168:
> > 409325
Grade: 1 bull and 5 cows
Turn 169:
> > 904325
Grade: 1 bull and 5 cows
Turn 170:
> > 094325
Grade: 1 bull and 5 cows
Turn 171:
> > 490325
Grade: 2 bulls and 4 cows
Turn 172:
> > 940325
Grade: 3 bulls and 3 cows
Turn 173:
> > 943025
Grade: 1 bull and 5 cows
Turn 174:
> > 493025
Grade: 6 cows
Turn 175:
> > 394025
Grade: 6 cows
Turn 176:
> > 934025
Grade: 6 cows
Turn 177:
> > 439025
Grade: 6 cows
Turn 178:
> > 349025
Grade: 1 bull and 5 cows
Turn 179:
> > 249035
Grade: 1 bull and 5 cows
Turn 180:
> > 429035
Grade: 6 cows
Turn 181:
> > 924035
Grade: 6 cows
Turn 182:
> > 294035
Grade: 6 cows
Turn 183:
> > 492035
Grade: 6 cows
Turn 184:
> > 942035
Grade: 1 bull and 5 cows
Turn 185:
> > 042935
Grade: 1 bull and 5 cows
Turn 186:
> > 402935
Grade: 6 cows
Turn 187:
> > 204935
Grade: 6 cows
Turn 188:
> > 024935
Grade: 6 cows
Turn 189:
> > 420935
Grade: 1 bull and 5 cows
Turn 190:
> > 240935
Grade: 2 bulls and 4 cows
Turn 191:
> > 290435
Grade: 1 bull and 5 cows
Turn 192:
> > 920435
Grade: 1 bull and 5 cows
Turn 193:
> > 029435
Grade: 6 cows
Turn 194:
> > 209435
Grade: 6 cows
Turn 195:
> > 902435
Grade: 6 cows
Turn 196:
> > 092435
Grade: 6 cows
Turn 197:
> > 094235
Grade: 6 cows
Turn 198:
> > 904235
Grade: 6 cows
Turn 199:
> > 409235
Grade: 6 cows
Turn 200:
> > 049235
Grade: 1 bull and 5 cows
Turn 201:
> > 940235
Grade: 2 bulls and 4 cows
Turn 202:
> > 490235
Grade: 1 bull and 5 cows
Turn 203:
> > 390245
Grade: 1 bull and 5 cows
Turn 204:
> > 930245
Grade: 1 bull and 5 cows
Turn 205:
> > 039245
Grade: 6 cows
Turn 206:
> > 309245
Grade: 6 cows
Turn 207:
> > 903245
Grade: 6 cows
Turn 208:
> > 093245
Grade: 6 cows
Turn 209:
> > 293045
Grade: 6 cows
Turn 210:
> > 923045
Grade: 6 cows
Turn 211:
> > 329045
Grade: 6 cows
Turn 212:
> > 239045
Grade: 6 cows
Turn 213:
> > 932045
Grade: 6 cows
Turn 214:
> > 392045
Grade: 6 cows
Turn 215:
> > 302945
Grade: 6 cows
Turn 216:
> > 032945
Grade: 6 cows
Turn 217:
> > 230945
Grade: 1 bull and 5 cows
Turn 218:
> > 320945
Grade: 1 bull and 5 cows
Turn 219:
> > 023945
Grade: 6 cows
Turn 220:
> > 203945
Grade: 6 cows
Turn 221:
> > 209345
Grade: 1 bull and 5 cows
Turn 222:
> > 029345
Grade: 1 bull and 5 cows
Turn 223:
> > 920345
Grade: 2 bulls and 4 cows
Turn 224:
> > 290345
Grade: 2 bulls and 4 cows
Turn 225:
> > 092345
Grade: 1 bull and 5 cows
Turn 226:
> > 902345
Grade: 1 bull and 5 cows
Turn 227:
> > 402395
Grade: 2 bulls and 4 cows
Turn 228:
> > 042395
Grade: 3 bulls and 3 cows
Turn 229:
> > 240395
Grade: 4 bulls and 2 cows
Turn 230:
> > 420395
Grade: 3 bulls and 3 cows
Turn 231:
> > 024395
Grade: 2 bulls and 4 cows
Turn 232:
> > 204395
Grade: 2 bulls and 4 cows
Turn 233:
> > 304295
Grade: 1 bull and 5 cows
Turn 234:
> > 034295
Grade: 1 bull and 5 cows
Turn 235:
> > 430295
Grade: 2 bulls and 4 cows
Turn 236:
> > 340295
Grade: 3 bulls and 3 cows
Turn 237:
> > 043295
Grade: 2 bulls and 4 cows
Turn 238:
> > 403295
Grade: 1 bull and 5 cows
Turn 239:
> > 423095
Grade: 1 bull and 5 cows
Turn 240:
> > 243095
Grade: 2 bulls and 4 cows
Turn 241:
> > 342095
Grade: 2 bulls and 4 cows
Turn 242:
> > 432095
Grade: 1 bull and 5 cows
Turn 243:
> > 234095
Grade: 1 bull and 5 cows
Turn 244:
> > 324095
Grade: 1 bull and 5 cows
Turn 245:
> > 320495
Grade: 2 bulls and 4 cows
Turn 246:
> > 230495
Grade: 2 bulls and 4 cows
Turn 247:
> > 032495
Grade: 1 bull and 5 cows
Turn 248:
> > 302495
Grade: 1 bull and 5 cows
Turn 249:
> > 203495
Grade: 1 bull and 5 cows
Turn 250:
> > 023495
Grade: 1 bull and 5 cows
Turn 251:
> > 053492
Grade: 2 bulls and 4 cows
Turn 252:
> > 503492
Grade: 3 bulls and 3 cows
Turn 253:
> > 305492
Grade: 2 bulls and 4 cows
Turn 254:
> > 035492
Grade: 2 bulls and 4 cows
Turn 255:
> > 530492
Grade: 4 bulls and 2 cows
Turn 256:
> > 350492
Grade: 3 bulls and 3 cows
Turn 257:
> > 450392
Grade: 4 bulls and 2 cows
Turn 258:
> > 540392
Grade: 6 bulls
Congratulations! You guessed the secret code.
?[1;31m
Start test 4?[0m
Input the length of the secret code:
> > 4
Input the number of possible symbols in the code:
> > 16
The secret is prepared: **** (0-f).
Okay, let's start a game!
Turn 1:
> > 0000
Grade: None
Turn 2:
> > 1111
Grade: None
Turn 3:
> > 2222
Grade: None
Turn 4:
> > 3333
Grade: None
Turn 5:
> > 4444
Grade: None
Turn 6:
> > 5555
Grade: 1 bull and 3 cows
Turn 7:
> > 6666
Grade: 1 bull and 3 cows
Turn 8:
> > 7777
Grade: None
Turn 9:
> > 8888
Grade: None
Turn 10:
> > 9999
Grade: None
Turn 11:
> > aaaa
Grade: 1 bull and 3 cows
Turn 12:
> > bbbb
Grade: None
Turn 13:
> > cccc
Grade: 1 bull and 3 cows
Turn 14:
> > 56ac
Grade: 1 bull and 3 cows
Turn 15:
> > 65ac
Grade: 2 bulls and 2 cows
Turn 16:
> > a56c
Grade: 4 bulls
Congratulations! You guessed the secret code.
?[1;31m
Start test 5?[0m
Input the length of the secret code:
> > 6
Input the number of possible symbols in the code:
> > 36
The secret is prepared: ****** (0-z).
Okay, let's start a game!
Turn 1:
> > 000000
Grade: None
Turn 2:
> > 111111
Grade: None
Turn 3:
> > 222222
Grade: None
Turn 4:
> > 333333
Grade: None
Turn 5:
> > 444444
Grade: 1 bull and 5 cows
Turn 6:
> > 555555
Grade: None
Turn 7:
> > 666666
Grade: None
Turn 8:
> > 777777
Grade: None
Turn 9:
> > 888888
Grade: None
Turn 10:
> > 999999
Grade: None
Turn 11:
> > aaaaaa
Grade: None
Turn 12:
> > bbbbbb
Grade: 1 bull and 5 cows
Turn 13:
> > cccccc
Grade: 1 bull and 5 cows
Turn 14:
> > dddddd
Grade: None
Turn 15:
> > eeeeee
Grade: None
Turn 16:
> > ffffff
Grade: None
Turn 17:
> > gggggg
Grade: None
Turn 18:
> > hhhhhh
Grade: None
Turn 19:
> > iiiiii
Grade: None
Turn 20:
> > jjjjjj
Grade: None
Turn 21:
> > kkkkkk
Grade: None
Turn 22:
> > llllll
Grade: None
Turn 23:
> > mmmmmm
Grade: None
Turn 24:
> > nnnnnn
Grade: None
Turn 25:
> > oooooo
Grade: 1 bull and 5 cows
Turn 26:
> > pppppp
Grade: None
Turn 27:
> > qqqqqq
Grade: None
Turn 28:
> > rrrrrr
Grade: None
Turn 29:
> > ssssss
Grade: None
Turn 30:
> > tttttt
Grade: None
Turn 31:
> > uuuuuu
Grade: None
Turn 32:
> > vvvvvv
Grade: None
Turn 33:
> > wwwwww
Grade: None
Turn 34:
> > xxxxxx
Grade: 1 bull and 5 cows
Turn 35:
> > yyyyyy
Grade: None
Turn 36:
> > zzzzzz
Grade: 1 bull and 5 cows
Turn 37:
> > 4bcoxz
Grade: 2 bulls and 4 cows
Turn 38:
> > b4coxz
Grade: 2 bulls and 4 cows
Turn 39:
> > c4boxz
Grade: 3 bulls and 3 cows
Turn 40:
> > 4cboxz
Grade: 4 bulls and 2 cows
Turn 41:
> > bc4oxz
Grade: 3 bulls and 3 cows
Turn 42:
> > cb4oxz
Grade: 2 bulls and 4 cows
Turn 43:
> > ob4cxz
Grade: 1 bull and 5 cows
Turn 44:
> > bo4cxz
Grade: 1 bull and 5 cows
Turn 45:
> > 4obcxz
Grade: 2 bulls and 4 cows
Turn 46:
> > o4bcxz
Grade: 2 bulls and 4 cows
Turn 47:
> > b4ocxz
Grade: 1 bull and 5 cows
Turn 48:
> > 4bocxz
Grade: 1 bull and 5 cows
Turn 49:
> > 4cobxz
Grade: 2 bulls and 4 cows
Turn 50:
> > c4obxz
Grade: 1 bull and 5 cows
Turn 51:
> > o4cbxz
Grade: 1 bull and 5 cows
Turn 52:
> > 4ocbxz
Grade: 1 bull and 5 cows
Turn 53:
> > co4bxz
Grade: 1 bull and 5 cows
Turn 54:
> > oc4bxz
Grade: 2 bulls and 4 cows
Turn 55:
> > ocb4xz
Grade: 3 bulls and 3 cows
Turn 56:
> > cob4xz
Grade: 2 bulls and 4 cows
Turn 57:
> > boc4xz
Grade: 1 bull and 5 cows
Turn 58:
> > obc4xz
Grade: 1 bull and 5 cows
Turn 59:
> > cbo4xz
Grade: 1 bull and 5 cows
Turn 60:
> > bco4xz
Grade: 2 bulls and 4 cows
Turn 61:
> > xco4bz
Grade: 1 bull and 5 cows
Turn 62:
> > cxo4bz
Grade: 6 cows
Turn 63:
> > oxc4bz
Grade: 6 cows
Turn 64:
> > xoc4bz
Grade: 6 cows
Turn 65:
> > cox4bz
Grade: 6 cows
Turn 66:
> > ocx4bz
Grade: 1 bull and 5 cows
Turn 67:
> > 4cxobz
Grade: 2 bulls and 4 cows
Turn 68:
> > c4xobz
Grade: 1 bull and 5 cows
Turn 69:
> > x4cobz
Grade: 1 bull and 5 cows
Turn 70:
> > 4xcobz
Grade: 1 bull and 5 cows
Turn 71:
> > cx4obz
Grade: 1 bull and 5 cows
Turn 72:
> > xc4obz
Grade: 2 bulls and 4 cows
Turn 73:
> > xo4cbz
Grade: 6 cows
Turn 74:
> > ox4cbz
Grade: 6 cows
Turn 75:
> > 4xocbz
Grade: 6 cows
Turn 76:
> > x4ocbz
Grade: 6 cows
Turn 77:
> > o4xcbz
Grade: 6 cows
Turn 78:
> > 4oxcbz
Grade: 6 cows
Turn 79:
> > 4ocxbz
Grade: 6 cows
Turn 80:
> > o4cxbz
Grade: 6 cows
Turn 81:
> > c4oxbz
Grade: 6 cows
Turn 82:
> > 4coxbz
Grade: 1 bull and 5 cows
Turn 83:
> > oc4xbz
Grade: 1 bull and 5 cows
Turn 84:
> > co4xbz
Grade: 6 cows
Turn 85:
> > bo4xcz
Grade: 6 cows
Turn 86:
> > ob4xcz
Grade: 6 cows
Turn 87:
> > 4boxcz
Grade: 6 cows
Turn 88:
> > b4oxcz
Grade: 6 cows
Turn 89:
> > o4bxcz
Grade: 1 bull and 5 cows
Turn 90:
> > 4obxcz
Grade: 1 bull and 5 cows
Turn 91:
> > xob4cz
Grade: 1 bull and 5 cows
Turn 92:
> > oxb4cz
Grade: 1 bull and 5 cows
Turn 93:
> > bxo4cz
Grade: 6 cows
Turn 94:
> > xbo4cz
Grade: 6 cows
Turn 95:
> > obx4cz
Grade: 6 cows
Turn 96:
> > box4cz
Grade: 6 cows
Turn 97:
> > b4xocz
Grade: 1 bull and 5 cows
Turn 98:
> > 4bxocz
Grade: 1 bull and 5 cows
Turn 99:
> > xb4ocz
Grade: 1 bull and 5 cows
Turn 100:
> > bx4ocz
Grade: 1 bull and 5 cows
Turn 101:
> > 4xbocz
Grade: 2 bulls and 4 cows
Turn 102:
> > x4bocz
Grade: 2 bulls and 4 cows
Turn 103:
> > x4obcz
Grade: 6 cows
Turn 104:
> > 4xobcz
Grade: 6 cows
Turn 105:
> > ox4bcz
Grade: 6 cows
Turn 106:
> > xo4bcz
Grade: 6 cows
Turn 107:
> > 4oxbcz
Grade: 6 cows
Turn 108:
> > o4xbcz
Grade: 6 cows
Turn 109:
> > c4xboz
Grade: 6 cows
Turn 110:
> > 4cxboz
Grade: 1 bull and 5 cows
Turn 111:
> > xc4boz
Grade: 1 bull and 5 cows
Turn 112:
> > cx4boz
Grade: 6 cows
Turn 113:
> > 4xcboz
Grade: 6 cows
Turn 114:
> > x4cboz
Grade: 6 cows
Turn 115:
> > b4cxoz
Grade: 6 cows
Turn 116:
> > 4bcxoz
Grade: 6 cows
Turn 117:
> > cb4xoz
Grade: 6 cows
Turn 118:
> > bc4xoz
Grade: 1 bull and 5 cows
Turn 119:
> > 4cbxoz
Grade: 2 bulls and 4 cows
Turn 120:
> > c4bxoz
Grade: 1 bull and 5 cows
Turn 121:
> > cxb4oz
Grade: 1 bull and 5 cows
Turn 122:
> > xcb4oz
Grade: 2 bulls and 4 cows
Turn 123:
> > bcx4oz
Grade: 1 bull and 5 cows
Turn 124:
> > cbx4oz
Grade: 6 cows
Turn 125:
> > xbc4oz
Grade: 6 cows
Turn 126:
> > bxc4oz
Grade: 6 cows
Turn 127:
> > bx4coz
Grade: 6 cows
Turn 128:
> > xb4coz
Grade: 6 cows
Turn 129:
> > 4bxcoz
Grade: 6 cows
Turn 130:
> > b4xcoz
Grade: 6 cows
Turn 131:
> > x4bcoz
Grade: 1 bull and 5 cows
Turn 132:
> > 4xbcoz
Grade: 1 bull and 5 cows
Turn 133:
> > oxbc4z
Grade: 1 bull and 5 cows
Turn 134:
> > xobc4z
Grade: 1 bull and 5 cows
Turn 135:
> > boxc4z
Grade: 6 cows
Turn 136:
> > obxc4z
Grade: 6 cows
Turn 137:
> > xboc4z
Grade: 6 cows
Turn 138:
> > bxoc4z
Grade: 6 cows
Turn 139:
> > cxob4z
Grade: 6 cows
Turn 140:
> > xcob4z
Grade: 1 bull and 5 cows
Turn 141:
> > ocxb4z
Grade: 1 bull and 5 cows
Turn 142:
> > coxb4z
Grade: 6 cows
Turn 143:
> > xocb4z
Grade: 6 cows
Turn 144:
> > oxcb4z
Grade: 6 cows
Turn 145:
> > obcx4z
Grade: 6 cows
Turn 146:
> > bocx4z
Grade: 6 cows
Turn 147:
> > cobx4z
Grade: 1 bull and 5 cows
Turn 148:
> > ocbx4z
Grade: 2 bulls and 4 cows
Turn 149:
> > bcox4z
Grade: 1 bull and 5 cows
Turn 150:
> > cbox4z
Grade: 6 cows
Turn 151:
> > cbxo4z
Grade: 1 bull and 5 cows
Turn 152:
> > bcxo4z
Grade: 2 bulls and 4 cows
Turn 153:
> > xcbo4z
Grade: 3 bulls and 3 cows
Turn 154:
> > cxbo4z
Grade: 2 bulls and 4 cows
Turn 155:
> > bxco4z
Grade: 1 bull and 5 cows
Turn 156:
> > xbco4z
Grade: 1 bull and 5 cows
Turn 157:
> > zbco4x
Grade: 2 bulls and 4 cows
Turn 158:
> > bzco4x
Grade: 1 bull and 5 cows
Turn 159:
> > czbo4x
Grade: 2 bulls and 4 cows
Turn 160:
> > zcbo4x
Grade: 4 bulls and 2 cows
Turn 161:
> > bczo4x
Grade: 2 bulls and 4 cows
Turn 162:
> > cbzo4x
Grade: 1 bull and 5 cows
Turn 163:
> > obzc4x
Grade: 6 cows
Turn 164:
> > bozc4x
Grade: 6 cows
Turn 165:
> > zobc4x
Grade: 2 bulls and 4 cows
Turn 166:
> > ozbc4x
Grade: 1 bull and 5 cows
Turn 167:
> > bzoc4x
Grade: 6 cows
Turn 168:
> > zboc4x
Grade: 1 bull and 5 cows
Turn 169:
> > zcob4x
Grade: 2 bulls and 4 cows
Turn 170:
> > czob4x
Grade: 6 cows
Turn 171:
> > ozcb4x
Grade: 6 cows
Turn 172:
> > zocb4x
Grade: 1 bull and 5 cows
Turn 173:
> > cozb4x
Grade: 6 cows
Turn 174:
> > oczb4x
Grade: 1 bull and 5 cows
Turn 175:
> > ocbz4x
Grade: 2 bulls and 4 cows
Turn 176:
> > cobz4x
Grade: 1 bull and 5 cows
Turn 177:
> > bocz4x
Grade: 6 cows
Turn 178:
> > obcz4x
Grade: 6 cows
Turn 179:
> > cboz4x
Grade: 6 cows
Turn 180:
> > bcoz4x
Grade: 1 bull and 5 cows
Turn 181:
> > 4cozbx
Grade: 1 bull and 5 cows
Turn 182:
> > c4ozbx
Grade: 6 cows
Turn 183:
> > o4czbx
Grade: 6 cows
Turn 184:
> > 4oczbx
Grade: 6 cows
Turn 185:
> > co4zbx
Grade: 6 cows
Turn 186:
> > oc4zbx
Grade: 1 bull and 5 cows
Turn 187:
> > zc4obx
Grade: 3 bulls and 3 cows
Turn 188:
> > cz4obx
Grade: 1 bull and 5 cows
Turn 189:
> > 4zcobx
Grade: 1 bull and 5 cows
Turn 190:
> > z4cobx
Grade: 2 bulls and 4 cows
Turn 191:
> > c4zobx
Grade: 1 bull and 5 cows
Turn 192:
> > 4czobx
Grade: 2 bulls and 4 cows
Turn 193:
> > 4ozcbx
Grade: 6 cows
Turn 194:
> > o4zcbx
Grade: 6 cows
Turn 195:
> > z4ocbx
Grade: 1 bull and 5 cows
Turn 196:
> > 4zocbx
Grade: 6 cows
Turn 197:
> > oz4cbx
Grade: 6 cows
Turn 198:
> > zo4cbx
Grade: 1 bull and 5 cows
Turn 199:
> > zoc4bx
Grade: 1 bull and 5 cows
Turn 200:
> > ozc4bx
Grade: 6 cows
Turn 201:
> > czo4bx
Grade: 6 cows
Turn 202:
> > zco4bx
Grade: 2 bulls and 4 cows
Turn 203:
> > ocz4bx
Grade: 1 bull and 5 cows
Turn 204:
> > coz4bx
Grade: 6 cows
Turn 205:
> > boz4cx
Grade: 6 cows
Turn 206:
> > obz4cx
Grade: 6 cows
Turn 207:
> > zbo4cx
Grade: 1 bull and 5 cows
Turn 208:
> > bzo4cx
Grade: 6 cows
Turn 209:
> > ozb4cx
Grade: 1 bull and 5 cows
Turn 210:
> > zob4cx
Grade: 2 bulls and 4 cows
Turn 211:
> > 4obzcx
Grade: 1 bull and 5 cows
Turn 212:
> > o4bzcx
Grade: 1 bull and 5 cows
Turn 213:
> > b4ozcx
Grade: 6 cows
Turn 214:
> > 4bozcx
Grade: 6 cows
Turn 215:
> > ob4zcx
Grade: 6 cows
Turn 216:
> > bo4zcx
Grade: 6 cows
Turn 217:
> > bz4ocx
Grade: 1 bull and 5 cows
Turn 218:
> > zb4ocx
Grade: 2 bulls and 4 cows
Turn 219:
> > 4bzocx
Grade: 1 bull and 5 cows
Turn 220:
> > b4zocx
Grade: 1 bull and 5 cows
Turn 221:
> > z4bocx
Grade: 3 bulls and 3 cows
Turn 222:
> > 4zbocx
Grade: 2 bulls and 4 cows
Turn 223:
> > 4zobcx
Grade: 6 cows
Turn 224:
> > z4obcx
Grade: 1 bull and 5 cows
Turn 225:
> > o4zbcx
Grade: 6 cows
Turn 226:
> > 4ozbcx
Grade: 6 cows
Turn 227:
> > zo4bcx
Grade: 1 bull and 5 cows
Turn 228:
> > oz4bcx
Grade: 6 cows
Turn 229:
> > cz4box
Grade: 6 cows
Turn 230:
> > zc4box
Grade: 2 bulls and 4 cows
Turn 231:
> > 4czbox
Grade: 1 bull and 5 cows
Turn 232:
> > c4zbox
Grade: 6 cows
Turn 233:
> > z4cbox
Grade: 1 bull and 5 cows
Turn 234:
> > 4zcbox
Grade: 6 cows
Turn 235:
> > bzc4ox
Grade: 6 cows
Turn 236:
> > zbc4ox
Grade: 1 bull and 5 cows
Turn 237:
> > cbz4ox
Grade: 6 cows
Turn 238:
> > bcz4ox
Grade: 1 bull and 5 cows
Turn 239:
> > zcb4ox
Grade: 3 bulls and 3 cows
Turn 240:
> > czb4ox
Grade: 1 bull and 5 cows
Turn 241:
> > c4bzox
Grade: 1 bull and 5 cows
Turn 242:
> > 4cbzox
Grade: 2 bulls and 4 cows
Turn 243:
> > bc4zox
Grade: 1 bull and 5 cows
Turn 244:
> > cb4zox
Grade: 6 cows
Turn 245:
> > 4bczox
Grade: 6 cows
Turn 246:
> > b4czox
Grade: 6 cows
Turn 247:
> > b4zcox
Grade: 6 cows
Turn 248:
> > 4bzcox
Grade: 6 cows
Turn 249:
> > zb4cox
Grade: 1 bull and 5 cows
Turn 250:
> > bz4cox
Grade: 6 cows
Turn 251:
> > 4zbcox
Grade: 1 bull and 5 cows
Turn 252:
> > z4bcox
Grade: 2 bulls and 4 cows
Turn 253:
> > o4bczx
Grade: 1 bull and 5 cows
Turn 254:
> > 4obczx
Grade: 1 bull and 5 cows
Turn 255:
> > bo4czx
Grade: 6 cows
Turn 256:
> > ob4czx
Grade: 6 cows
Turn 257:
> > 4boczx
Grade: 6 cows
Turn 258:
> > b4oczx
Grade: 6 cows
Turn 259:
> > c4obzx
Grade: 6 cows
Turn 260:
> > 4cobzx
Grade: 1 bull and 5 cows
Turn 261:
> > oc4bzx
Grade: 1 bull and 5 cows
Turn 262:
> > co4bzx
Grade: 6 cows
Turn 263:
> > 4ocbzx
Grade: 6 cows
Turn 264:
> > o4cbzx
Grade: 6 cows
Turn 265:
> > obc4zx
Grade: 6 cows
Turn 266:
> > boc4zx
Grade: 6 cows
Turn 267:
> > cob4zx
Grade: 1 bull and 5 cows
Turn 268:
> > ocb4zx
Grade: 2 bulls and 4 cows
Turn 269:
> > bco4zx
Grade: 1 bull and 5 cows
Turn 270:
> > cbo4zx
Grade: 6 cows
Turn 271:
> > cb4ozx
Grade: 1 bull and 5 cows
Turn 272:
> > bc4ozx
Grade: 2 bulls and 4 cows
Turn 273:
> > 4cbozx
Grade: 3 bulls and 3 cows
Turn 274:
> > c4bozx
Grade: 2 bulls and 4 cows
Turn 275:
> > b4cozx
Grade: 1 bull and 5 cows
Turn 276:
> > 4bcozx
Grade: 1 bull and 5 cows
Turn 277:
> > 4xcozb
Grade: 1 bull and 5 cows
Turn 278:
> > x4cozb
Grade: 1 bull and 5 cows
Turn 279:
> > c4xozb
Grade: 1 bull and 5 cows
Turn 280:
> > 4cxozb
Grade: 2 bulls and 4 cows
Turn 281:
> > xc4ozb
Grade: 2 bulls and 4 cows
Turn 282:
> > cx4ozb
Grade: 1 bull and 5 cows
Turn 283:
> > ox4czb
Grade: 6 cows
Turn 284:
> > xo4czb
Grade: 6 cows
Turn 285:
> > 4oxczb
Grade: 6 cows
Turn 286:
> > o4xczb
Grade: 6 cows
Turn 287:
> > x4oczb
Grade: 6 cows
Turn 288:
> > 4xoczb
Grade: 6 cows
Turn 289:
> > 4coxzb
Grade: 1 bull and 5 cows
Turn 290:
> > c4oxzb
Grade: 6 cows
Turn 291:
> > o4cxzb
Grade: 6 cows
Turn 292:
> > 4ocxzb
Grade: 6 cows
Turn 293:
> > co4xzb
Grade: 6 cows
Turn 294:
> > oc4xzb
Grade: 1 bull and 5 cows
Turn 295:
> > ocx4zb
Grade: 1 bull and 5 cows
Turn 296:
> > cox4zb
Grade: 6 cows
Turn 297:
> > xoc4zb
Grade: 6 cows
Turn 298:
> > oxc4zb
Grade: 6 cows
Turn 299:
> > cxo4zb
Grade: 6 cows
Turn 300:
> > xco4zb
Grade: 1 bull and 5 cows
Turn 301:
> > zco4xb
Grade: 3 bulls and 3 cows
Turn 302:
> > czo4xb
Grade: 1 bull and 5 cows
Turn 303:
> > ozc4xb
Grade: 1 bull and 5 cows
Turn 304:
> > zoc4xb
Grade: 2 bulls and 4 cows
Turn 305:
> > coz4xb
Grade: 1 bull and 5 cows
Turn 306:
> > ocz4xb
Grade: 2 bulls and 4 cows
Turn 307:
> > 4czoxb
Grade: 3 bulls and 3 cows
Turn 308:
> > c4zoxb
Grade: 2 bulls and 4 cows
Turn 309:
> > z4coxb
Grade: 3 bulls and 3 cows
Turn 310:
> > 4zcoxb
Grade: 2 bulls and 4 cows
Turn 311:
> > cz4oxb
Grade: 2 bulls and 4 cows
Turn 312:
> > zc4oxb
Grade: 4 bulls and 2 cows
Turn 313:
> > zo4cxb
Grade: 2 bulls and 4 cows
Turn 314:
> > oz4cxb
Grade: 1 bull and 5 cows
Turn 315:
> > 4zocxb
Grade: 1 bull and 5 cows
Turn 316:
> > z4ocxb
Grade: 2 bulls and 4 cows
Turn 317:
> > o4zcxb
Grade: 1 bull and 5 cows
Turn 318:
> > 4ozcxb
Grade: 1 bull and 5 cows
Turn 319:
> > 4oczxb
Grade: 1 bull and 5 cows
Turn 320:
> > o4czxb
Grade: 1 bull and 5 cows
Turn 321:
> > c4ozxb
Grade: 1 bull and 5 cows
Turn 322:
> > 4cozxb
Grade: 2 bulls and 4 cows
Turn 323:
> > oc4zxb
Grade: 2 bulls and 4 cows
Turn 324:
> > co4zxb
Grade: 1 bull and 5 cows
Turn 325:
> > xo4zcb
Grade: 6 cows
Turn 326:
> > ox4zcb
Grade: 6 cows
Turn 327:
> > 4xozcb
Grade: 6 cows
Turn 328:
> > x4ozcb
Grade: 6 cows
Turn 329:
> > o4xzcb
Grade: 6 cows
Turn 330:
> > 4oxzcb
Grade: 6 cows
Turn 331:
> > zox4cb
Grade: 1 bull and 5 cows
Turn 332:
> > ozx4cb
Grade: 6 cows
Turn 333:
> > xzo4cb
Grade: 6 cows
Turn 334:
> > zxo4cb
Grade: 1 bull and 5 cows
Turn 335:
> > oxz4cb
Grade: 6 cows
Turn 336:
> > xoz4cb
Grade: 6 cows
Turn 337:
> > x4zocb
Grade: 1 bull and 5 cows
Turn 338:
> > 4xzocb
Grade: 1 bull and 5 cows
Turn 339:
> > zx4ocb
Grade: 2 bulls and 4 cows
Turn 340:
> > xz4ocb
Grade: 1 bull and 5 cows
Turn 341:
> > 4zxocb
Grade: 1 bull and 5 cows
Turn 342:
> > z4xocb
Grade: 2 bulls and 4 cows
Turn 343:
> > z4oxcb
Grade: 1 bull and 5 cows
Turn 344:
> > 4zoxcb
Grade: 6 cows
Turn 345:
> > oz4xcb
Grade: 6 cows
Turn 346:
> > zo4xcb
Grade: 1 bull and 5 cows
Turn 347:
> > 4ozxcb
Grade: 6 cows
Turn 348:
> > o4zxcb
Grade: 6 cows
Turn 349:
> > c4zxob
Grade: 6 cows
Turn 350:
> > 4czxob
Grade: 1 bull and 5 cows
Turn 351:
> > zc4xob
Grade: 2 bulls and 4 cows
Turn 352:
> > cz4xob
Grade: 6 cows
Turn 353:
> > 4zcxob
Grade: 6 cows
Turn 354:
> > z4cxob
Grade: 1 bull and 5 cows
Turn 355:
> > x4czob
Grade: 6 cows
Turn 356:
> > 4xczob
Grade: 6 cows
Turn 357:
> > cx4zob
Grade: 6 cows
Turn 358:
> > xc4zob
Grade: 1 bull and 5 cows
Turn 359:
> > 4cxzob
Grade: 1 bull and 5 cows
Turn 360:
> > c4xzob
Grade: 6 cows
Turn 361:
> > czx4ob
Grade: 6 cows
Turn 362:
> > zcx4ob
Grade: 2 bulls and 4 cows
Turn 363:
> > xcz4ob
Grade: 1 bull and 5 cows
Turn 364:
> > cxz4ob
Grade: 6 cows
Turn 365:
> > zxc4ob
Grade: 1 bull and 5 cows
Turn 366:
> > xzc4ob
Grade: 6 cows
Turn 367:
> > xz4cob
Grade: 6 cows
Turn 368:
> > zx4cob
Grade: 1 bull and 5 cows
Turn 369:
> > 4xzcob
Grade: 6 cows
Turn 370:
> > x4zcob
Grade: 6 cows
Turn 371:
> > z4xcob
Grade: 1 bull and 5 cows
Turn 372:
> > 4zxcob
Grade: 6 cows
Turn 373:
> > ozxc4b
Grade: 6 cows
Turn 374:
> > zoxc4b
Grade: 1 bull and 5 cows
Turn 375:
> > xozc4b
Grade: 6 cows
Turn 376:
> > oxzc4b
Grade: 6 cows
Turn 377:
> > zxoc4b
Grade: 1 bull and 5 cows
Turn 378:
> > xzoc4b
Grade: 6 cows
Turn 379:
> > czox4b
Grade: 6 cows
Turn 380:
> > zcox4b
Grade: 2 bulls and 4 cows
Turn 381:
> > oczx4b
Grade: 1 bull and 5 cows
Turn 382:
> > cozx4b
Grade: 6 cows
Turn 383:
> > zocx4b
Grade: 1 bull and 5 cows
Turn 384:
> > ozcx4b
Grade: 6 cows
Turn 385:
> > oxcz4b
Grade: 6 cows
Turn 386:
> > xocz4b
Grade: 6 cows
Turn 387:
> > coxz4b
Grade: 6 cows
Turn 388:
> > ocxz4b
Grade: 1 bull and 5 cows
Turn 389:
> > xcoz4b
Grade: 1 bull and 5 cows
Turn 390:
> > cxoz4b
Grade: 6 cows
Turn 391:
> > cxzo4b
Grade: 1 bull and 5 cows
Turn 392:
> > xczo4b
Grade: 2 bulls and 4 cows
Turn 393:
> > zcxo4b
Grade: 3 bulls and 3 cows
Turn 394:
> > czxo4b
Grade: 1 bull and 5 cows
Turn 395:
> > xzco4b
Grade: 1 bull and 5 cows
Turn 396:
> > zxco4b
Grade: 2 bulls and 4 cows
Turn 397:
> > zxbo4c
Grade: 3 bulls and 3 cows
Turn 398:
> > xzbo4c
Grade: 2 bulls and 4 cows
Turn 399:
> > bzxo4c
Grade: 1 bull and 5 cows
Turn 400:
> > zbxo4c
Grade: 2 bulls and 4 cows
Turn 401:
> > xbzo4c
Grade: 1 bull and 5 cows
Turn 402:
> > bxzo4c
Grade: 1 bull and 5 cows
Turn 403:
> > oxzb4c
Grade: 6 cows
Turn 404:
> > xozb4c
Grade: 6 cows
Turn 405:
> > zoxb4c
Grade: 1 bull and 5 cows
Turn 406:
> > ozxb4c
Grade: 6 cows
Turn 407:
> > xzob4c
Grade: 6 cows
Turn 408:
> > zxob4c
Grade: 1 bull and 5 cows
Turn 409:
> > zbox4c
Grade: 1 bull and 5 cows
Turn 410:
> > bzox4c
Grade: 6 cows
Turn 411:
> > ozbx4c
Grade: 1 bull and 5 cows
Turn 412:
> > zobx4c
Grade: 2 bulls and 4 cows
Turn 413:
> > bozx4c
Grade: 6 cows
Turn 414:
> > obzx4c
Grade: 6 cows
Turn 415:
> > obxz4c
Grade: 6 cows
Turn 416:
> > boxz4c
Grade: 6 cows
Turn 417:
> > xobz4c
Grade: 1 bull and 5 cows
Turn 418:
> > oxbz4c
Grade: 1 bull and 5 cows
Turn 419:
> > bxoz4c
Grade: 6 cows
Turn 420:
> > xboz4c
Grade: 6 cows
Turn 421:
> > 4bozxc
Grade: 1 bull and 5 cows
Turn 422:
> > b4ozxc
Grade: 1 bull and 5 cows
Turn 423:
> > o4bzxc
Grade: 2 bulls and 4 cows
Turn 424:
> > 4obzxc
Grade: 2 bulls and 4 cows
Turn 425:
> > bo4zxc
Grade: 1 bull and 5 cows
Turn 426:
> > ob4zxc
Grade: 1 bull and 5 cows
Turn 427:
> > zb4oxc
Grade: 3 bulls and 3 cows
Turn 428:
> > bz4oxc
Grade: 2 bulls and 4 cows
Turn 429:
> > 4zboxc
Grade: 3 bulls and 3 cows
Turn 430:
> > z4boxc
Grade: 4 bulls and 2 cows
Turn 431:
> > b4zoxc
Grade: 2 bulls and 4 cows
Turn 432:
> > 4bzoxc
Grade: 2 bulls and 4 cows
Turn 433:
> > 4ozbxc
Grade: 1 bull and 5 cows
Turn 434:
> > o4zbxc
Grade: 1 bull and 5 cows
Turn 435:
> > z4obxc
Grade: 2 bulls and 4 cows
Turn 436:
> > 4zobxc
Grade: 1 bull and 5 cows
Turn 437:
> > oz4bxc
Grade: 1 bull and 5 cows
Turn 438:
> > zo4bxc
Grade: 2 bulls and 4 cows
Turn 439:
> > zob4xc
Grade: 3 bulls and 3 cows
Turn 440:
> > ozb4xc
Grade: 2 bulls and 4 cows
Turn 441:
> > bzo4xc
Grade: 1 bull and 5 cows
Turn 442:
> > zbo4xc
Grade: 2 bulls and 4 cows
Turn 443:
> > obz4xc
Grade: 1 bull and 5 cows
Turn 444:
> > boz4xc
Grade: 1 bull and 5 cows
Turn 445:
> > xoz4bc
Grade: 6 cows
Turn 446:
> > oxz4bc
Grade: 6 cows
Turn 447:
> > zxo4bc
Grade: 1 bull and 5 cows
Turn 448:
> > xzo4bc
Grade: 6 cows
Turn 449:
> > ozx4bc
Grade: 6 cows
Turn 450:
> > zox4bc
Grade: 1 bull and 5 cows
Turn 451:
> > 4oxzbc
Grade: 6 cows
Turn 452:
> > o4xzbc
Grade: 6 cows
Turn 453:
> > x4ozbc
Grade: 6 cows
Turn 454:
> > 4xozbc
Grade: 6 cows
Turn 455:
> > ox4zbc
Grade: 6 cows
Turn 456:
> > xo4zbc
Grade: 6 cows
Turn 457:
> > xz4obc
Grade: 1 bull and 5 cows
Turn 458:
> > zx4obc
Grade: 2 bulls and 4 cows
Turn 459:
> > 4xzobc
Grade: 1 bull and 5 cows
Turn 460:
> > x4zobc
Grade: 1 bull and 5 cows
Turn 461:
> > z4xobc
Grade: 2 bulls and 4 cows
Turn 462:
> > 4zxobc
Grade: 1 bull and 5 cows
Turn 463:
> > 4zoxbc
Grade: 6 cows
Turn 464:
> > z4oxbc
Grade: 1 bull and 5 cows
Turn 465:
> > o4zxbc
Grade: 6 cows
Turn 466:
> > 4ozxbc
Grade: 6 cows
Turn 467:
> > zo4xbc
Grade: 1 bull and 5 cows
Turn 468:
> > oz4xbc
Grade: 6 cows
Turn 469:
> > bz4xoc
Grade: 6 cows
Turn 470:
> > zb4xoc
Grade: 1 bull and 5 cows
Turn 471:
> > 4bzxoc
Grade: 6 cows
Turn 472:
> > b4zxoc
Grade: 6 cows
Turn 473:
> > z4bxoc
Grade: 2 bulls and 4 cows
Turn 474:
> > 4zbxoc
Grade: 1 bull and 5 cows
Turn 475:
> > xzb4oc
Grade: 1 bull and 5 cows
Turn 476:
> > zxb4oc
Grade: 2 bulls and 4 cows
Turn 477:
> > bxz4oc
Grade: 6 cows
Turn 478:
> > xbz4oc
Grade: 6 cows
Turn 479:
> > zbx4oc
Grade: 1 bull and 5 cows
Turn 480:
> > bzx4oc
Grade: 6 cows
Turn 481:
> > b4xzoc
Grade: 6 cows
Turn 482:
> > 4bxzoc
Grade: 6 cows
Turn 483:
> > xb4zoc
Grade: 6 cows
Turn 484:
> > bx4zoc
Grade: 6 cows
Turn 485:
> > 4xbzoc
Grade: 1 bull and 5 cows
Turn 486:
> > x4bzoc
Grade: 1 bull and 5 cows
Turn 487:
> > x4zboc
Grade: 6 cows
Turn 488:
> > 4xzboc
Grade: 6 cows
Turn 489:
> > zx4boc
Grade: 1 bull and 5 cows
Turn 490:
> > xz4boc
Grade: 6 cows
Turn 491:
> > 4zxboc
Grade: 6 cows
Turn 492:
> > z4xboc
Grade: 1 bull and 5 cows
Turn 493:
> > o4xbzc
Grade: 6 cows
Turn 494:
> > 4oxbzc
Grade: 6 cows
Turn 495:
> > xo4bzc
Grade: 6 cows
Turn 496:
> > ox4bzc
Grade: 6 cows
Turn 497:
> > 4xobzc
Grade: 6 cows
Turn 498:
> > x4obzc
Grade: 6 cows
Turn 499:
> > b4oxzc
Grade: 6 cows
Turn 500:
> > 4boxzc
Grade: 6 cows
Turn 501:
> > ob4xzc
Grade: 6 cows
Turn 502:
> > bo4xzc
Grade: 6 cows
Turn 503:
> > 4obxzc
Grade: 1 bull and 5 cows
Turn 504:
> > o4bxzc
Grade: 1 bull and 5 cows
Turn 505:
> > oxb4zc
Grade: 1 bull and 5 cows
Turn 506:
> > xob4zc
Grade: 1 bull and 5 cows
Turn 507:
> > box4zc
Grade: 6 cows
Turn 508:
> > obx4zc
Grade: 6 cows
Turn 509:
> > xbo4zc
Grade: 6 cows
Turn 510:
> > bxo4zc
Grade: 6 cows
Turn 511:
> > bx4ozc
Grade: 1 bull and 5 cows
Turn 512:
> > xb4ozc
Grade: 1 bull and 5 cows
Turn 513:
> > 4bxozc
Grade: 1 bull and 5 cows
Turn 514:
> > b4xozc
Grade: 1 bull and 5 cows
Turn 515:
> > x4bozc
Grade: 2 bulls and 4 cows
Turn 516:
> > 4xbozc
Grade: 2 bulls and 4 cows
Turn 517:
> > 4xbczo
Grade: 1 bull and 5 cows
Turn 518:
> > x4bczo
Grade: 1 bull and 5 cows
Turn 519:
> > b4xczo
Grade: 6 cows
Turn 520:
> > 4bxczo
Grade: 6 cows
Turn 521:
> > xb4czo
Grade: 6 cows
Turn 522:
> > bx4czo
Grade: 6 cows
Turn 523:
> > cx4bzo
Grade: 6 cows
Turn 524:
> > xc4bzo
Grade: 1 bull and 5 cows
Turn 525:
> > 4cxbzo
Grade: 1 bull and 5 cows
Turn 526:
> > c4xbzo
Grade: 6 cows
Turn 527:
> > x4cbzo
Grade: 6 cows
Turn 528:
> > 4xcbzo
Grade: 6 cows
Turn 529:
> > 4bcxzo
Grade: 6 cows
Turn 530:
> > b4cxzo
Grade: 6 cows
Turn 531:
> > c4bxzo
Grade: 1 bull and 5 cows
Turn 532:
> > 4cbxzo
Grade: 2 bulls and 4 cows
Turn 533:
> > bc4xzo
Grade: 1 bull and 5 cows
Turn 534:
> > cb4xzo
Grade: 6 cows
Turn 535:
> > cbx4zo
Grade: 6 cows
Turn 536:
> > bcx4zo
Grade: 1 bull and 5 cows
Turn 537:
> > xcb4zo
Grade: 2 bulls and 4 cows
Turn 538:
> > cxb4zo
Grade: 1 bull and 5 cows
Turn 539:
> > bxc4zo
Grade: 6 cows
Turn 540:
> > xbc4zo
Grade: 6 cows
Turn 541:
> > zbc4xo
Grade: 2 bulls and 4 cows
Turn 542:
> > bzc4xo
Grade: 1 bull and 5 cows
Turn 543:
> > czb4xo
Grade: 2 bulls and 4 cows
Turn 544:
> > zcb4xo
Grade: 4 bulls and 2 cows
Turn 545:
> > bcz4xo
Grade: 2 bulls and 4 cows
Turn 546:
> > cbz4xo
Grade: 1 bull and 5 cows
Turn 547:
> > 4bzcxo
Grade: 1 bull and 5 cows
Turn 548:
> > b4zcxo
Grade: 1 bull and 5 cows
Turn 549:
> > z4bcxo
Grade: 3 bulls and 3 cows
Turn 550:
> > 4zbcxo
Grade: 2 bulls and 4 cows
Turn 551:
> > bz4cxo
Grade: 1 bull and 5 cows
Turn 552:
> > zb4cxo
Grade: 2 bulls and 4 cows
Turn 553:
> > zc4bxo
Grade: 3 bulls and 3 cows
Turn 554:
> > cz4bxo
Grade: 1 bull and 5 cows
Turn 555:
> > 4zcbxo
Grade: 1 bull and 5 cows
Turn 556:
> > z4cbxo
Grade: 2 bulls and 4 cows
Turn 557:
> > c4zbxo
Grade: 1 bull and 5 cows
Turn 558:
> > 4czbxo
Grade: 2 bulls and 4 cows
Turn 559:
> > 4cbzxo
Grade: 3 bulls and 3 cows
Turn 560:
> > c4bzxo
Grade: 2 bulls and 4 cows
Turn 561:
> > b4czxo
Grade: 1 bull and 5 cows
Turn 562:
> > 4bczxo
Grade: 1 bull and 5 cows
Turn 563:
> > cb4zxo
Grade: 1 bull and 5 cows
Turn 564:
> > bc4zxo
Grade: 2 bulls and 4 cows
Turn 565:
> > xc4zbo
Grade: 1 bull and 5 cows
Turn 566:
> > cx4zbo
Grade: 6 cows
Turn 567:
> > 4xczbo
Grade: 6 cows
Turn 568:
> > x4czbo
Grade: 6 cows
Turn 569:
> > c4xzbo
Grade: 6 cows
Turn 570:
> > 4cxzbo
Grade: 1 bull and 5 cows
Turn 571:
> > zcx4bo
Grade: 2 bulls and 4 cows
Turn 572:
> > czx4bo
Grade: 6 cows
Turn 573:
> > xzc4bo
Grade: 6 cows
Turn 574:
> > zxc4bo
Grade: 1 bull and 5 cows
Turn 575:
> > cxz4bo
Grade: 6 cows
Turn 576:
> > xcz4bo
Grade: 1 bull and 5 cows
Turn 577:
> > x4zcbo
Grade: 6 cows
Turn 578:
> > 4xzcbo
Grade: 6 cows
Turn 579:
> > zx4cbo
Grade: 1 bull and 5 cows
Turn 580:
> > xz4cbo
Grade: 6 cows
Turn 581:
> > 4zxcbo
Grade: 6 cows
Turn 582:
> > z4xcbo
Grade: 1 bull and 5 cows
Turn 583:
> > z4cxbo
Grade: 1 bull and 5 cows
Turn 584:
> > 4zcxbo
Grade: 6 cows
Turn 585:
> > cz4xbo
Grade: 6 cows
Turn 586:
> > zc4xbo
Grade: 2 bulls and 4 cows
Turn 587:
> > 4czxbo
Grade: 1 bull and 5 cows
Turn 588:
> > c4zxbo
Grade: 6 cows
Turn 589:
> > b4zxco
Grade: 6 cows
Turn 590:
> > 4bzxco
Grade: 6 cows
Turn 591:
> > zb4xco
Grade: 1 bull and 5 cows
Turn 592:
> > bz4xco
Grade: 6 cows
Turn 593:
> > 4zbxco
Grade: 1 bull and 5 cows
Turn 594:
> > z4bxco
Grade: 2 bulls and 4 cows
Turn 595:
> > x4bzco
Grade: 1 bull and 5 cows
Turn 596:
> > 4xbzco
Grade: 1 bull and 5 cows
Turn 597:
> > bx4zco
Grade: 6 cows
Turn 598:
> > xb4zco
Grade: 6 cows
Turn 599:
> > 4bxzco
Grade: 6 cows
Turn 600:
> > b4xzco
Grade: 6 cows
Turn 601:
> > bzx4co
Grade: 6 cows
Turn 602:
> > zbx4co
Grade: 1 bull and 5 cows
Turn 603:
> > xbz4co
Grade: 6 cows
Turn 604:
> > bxz4co
Grade: 6 cows
Turn 605:
> > zxb4co
Grade: 2 bulls and 4 cows
Turn 606:
> > xzb4co
Grade: 1 bull and 5 cows
Turn 607:
> > xz4bco
Grade: 6 cows
Turn 608:
> > zx4bco
Grade: 1 bull and 5 cows
Turn 609:
> > 4xzbco
Grade: 6 cows
Turn 610:
> > x4zbco
Grade: 6 cows
Turn 611:
> > z4xbco
Grade: 1 bull and 5 cows
Turn 612:
> > 4zxbco
Grade: 6 cows
Turn 613:
> > czxb4o
Grade: 6 cows
Turn 614:
> > zcxb4o
Grade: 2 bulls and 4 cows
Turn 615:
> > xczb4o
Grade: 1 bull and 5 cows
Turn 616:
> > cxzb4o
Grade: 6 cows
Turn 617:
> > zxcb4o
Grade: 1 bull and 5 cows
Turn 618:
> > xzcb4o
Grade: 6 cows
Turn 619:
> > bzcx4o
Grade: 6 cows
Turn 620:
> > zbcx4o
Grade: 1 bull and 5 cows
Turn 621:
> > cbzx4o
Grade: 6 cows
Turn 622:
> > bczx4o
Grade: 1 bull and 5 cows
Turn 623:
> > zcbx4o
Grade: 3 bulls and 3 cows
Turn 624:
> > czbx4o
Grade: 1 bull and 5 cows
Turn 625:
> > cxbz4o
Grade: 1 bull and 5 cows
Turn 626:
> > xcbz4o
Grade: 2 bulls and 4 cows
Turn 627:
> > bcxz4o
Grade: 1 bull and 5 cows
Turn 628:
> > cbxz4o
Grade: 6 cows
Turn 629:
> > xbcz4o
Grade: 6 cows
Turn 630:
> > bxcz4o
Grade: 6 cows
Turn 631:
> > bxzc4o
Grade: 6 cows
Turn 632:
> > xbzc4o
Grade: 6 cows
Turn 633:
> > zbxc4o
Grade: 1 bull and 5 cows
Turn 634:
> > bzxc4o
Grade: 6 cows
Turn 635:
> > xzbc4o
Grade: 1 bull and 5 cows
Turn 636:
> > zxbc4o
Grade: 2 bulls and 4 cows
Turn 637:
> > zxbco4
Grade: 3 bulls and 3 cows
Turn 638:
> > xzbco4
Grade: 2 bulls and 4 cows
Turn 639:
> > bzxco4
Grade: 1 bull and 5 cows
Turn 640:
> > zbxco4
Grade: 2 bulls and 4 cows
Turn 641:
> > xbzco4
Grade: 1 bull and 5 cows
Turn 642:
> > bxzco4
Grade: 1 bull and 5 cows
Turn 643:
> > cxzbo4
Grade: 1 bull and 5 cows
Turn 644:
> > xczbo4
Grade: 2 bulls and 4 cows
Turn 645:
> > zcxbo4
Grade: 3 bulls and 3 cows
Turn 646:
> > czxbo4
Grade: 1 bull and 5 cows
Turn 647:
> > xzcbo4
Grade: 1 bull and 5 cows
Turn 648:
> > zxcbo4
Grade: 2 bulls and 4 cows
Turn 649:
> > zbcxo4
Grade: 2 bulls and 4 cows
Turn 650:
> > bzcxo4
Grade: 1 bull and 5 cows
Turn 651:
> > czbxo4
Grade: 2 bulls and 4 cows
Turn 652:
> > zcbxo4
Grade: 4 bulls and 2 cows
Turn 653:
> > bczxo4
Grade: 2 bulls and 4 cows
Turn 654:
> > cbzxo4
Grade: 1 bull and 5 cows
Turn 655:
> > cbxzo4
Grade: 1 bull and 5 cows
Turn 656:
> > bcxzo4
Grade: 2 bulls and 4 cows
Turn 657:
> > xcbzo4
Grade: 3 bulls and 3 cows
Turn 658:
> > cxbzo4
Grade: 2 bulls and 4 cows
Turn 659:
> > bxczo4
Grade: 1 bull and 5 cows
Turn 660:
> > xbczo4
Grade: 1 bull and 5 cows
Turn 661:
> > obczx4
Grade: 2 bulls and 4 cows
Turn 662:
> > boczx4
Grade: 2 bulls and 4 cows
Turn 663:
> > cobzx4
Grade: 3 bulls and 3 cows
Turn 664:
> > ocbzx4
Grade: 4 bulls and 2 cows
Turn 665:
> > bcozx4
Grade: 3 bulls and 3 cows
Turn 666:
> > cbozx4
Grade: 2 bulls and 4 cows
Turn 667:
> > zbocx4
Grade: 3 bulls and 3 cows
Turn 668:
> > bzocx4
Grade: 2 bulls and 4 cows
Turn 669:
> > ozbcx4
Grade: 3 bulls and 3 cows
Turn 670:
> > zobcx4
Grade: 4 bulls and 2 cows
Turn 671:
> > bozcx4
Grade: 2 bulls and 4 cows
Turn 672:
> > obzcx4
Grade: 2 bulls and 4 cows
Turn 673:
> > oczbx4
Grade: 3 bulls and 3 cows
Turn 674:
> > cozbx4
Grade: 2 bulls and 4 cows
Turn 675:
> > zocbx4
Grade: 3 bulls and 3 cows
Turn 676:
> > ozcbx4
Grade: 2 bulls and 4 cows
Turn 677:
> > czobx4
Grade: 2 bulls and 4 cows
Turn 678:
> > zcobx4
Grade: 4 bulls and 2 cows
Turn 679:
> > zcbox4
Grade: 6 bulls
Congratulations! You guessed the secret code.
]]></system-out>
  <system-err><![CDATA[]]></system-err>
</testsuite>
