<?xml version="1.0" encoding="UTF-8"?>
<testsuite name="BullsCowsTest" tests="1" skipped="0" failures="0" errors="0" timestamp="2025-01-29T14:32:47" hostname="localhost" time="0.066">
  <properties/>
  <testcase name="start" classname="BullsCowsTest" time="0.066"/>
  <system-out><![CDATA[?[1;31m
Start test 1?[0m
The secret code is prepared: ****.

Turn 1. Answer:
1234
Grade: 1 cow.

Turn 2. Answer:
5678
Grade: 1 bull.

Turn 3. Answer:
9012
Grade: 2 bulls.

Turn 4. Answer:
9083
Grade: 3 bulls.

Turn 5. Answer:
9084
Grade: 4 bulls.

Congrats! The secret code is 9084.
]]></system-out>
  <system-err><![CDATA[]]></system-err>
</testsuite>
